
SPC v2.1 (14/2/2000) -- efficient KNN and mstree
SPC v2.0.1 (1/12/2000) -- StopRunAtBreak option 
SPC v2.0 (1/11/1999) -- new param file + revised data structures 
-------------------------------------------------------------------
AverageInteraction	0.074233
ClustersReported	12
CharDist	13.567979
DataFile	yoram.data
Dimentions	0
DirectedGrowth	
DataIsMatrix	
Dimensions	0
KNearestNeighbours	10
MinTemp	0.00
MaxTemp	0.15
MSTree	
NumberOfPoints	90
NumberOfEdges	375
NearestNeighbrs	8.333333
OutFile	yout
PottsSpins	20
RandomSeed	951312526
SusceptColors	4
SaveSuscept	
SWCycles	4000
SWFraction	0.800000
ThresholdTheta	0.500000
TempStep	0.005
WriteLables	
WriteLabels	
.dg_01:  0.00000        1       90       0       0       0       0       0       0       0       0       0       0       0   
.dg_01:  0.00500        4       30      30      15      15       0       0       0       0       0       0       0       0   
.dg_01:  0.01000        5       30      15      15      15      15       0       0       0       0       0       0       0   
.dg_01:  0.01500        5       30      15      15      15      15       0       0       0       0       0       0       0   
.dg_01:  0.02000        5       30      15      15      15      15       0       0       0       0       0       0       0   
.dg_01:  0.02500        5       30      15      15      15      15       0       0       0       0       0       0       0   
.dg_01:  0.03000        5       30      15      15      15      15       0       0       0       0       0       0       0   
.dg_01:  0.03500        5       30      15      15      15      15       0       0       0       0       0       0       0   
.dg_01:  0.04000        5       30      15      15      15      15       0       0       0       0       0       0       0   
.dg_01:  0.04500        5       30      15      15      15      15       0       0       0       0       0       0       0   
.dg_01:  0.05000        5       30      15      15      15      15       0       0       0       0       0       0       0   
.dg_01:  0.05500        6       30      15      15      15      14       1       0       0       0       0       0       0   
.dg_01:  0.06000        6       30      15      15      15      14       1       0       0       0       0       0       0   
.dg_01:  0.06500        8       15      15      15      15      14      13       2       1       0       0       0       0   
.dg_01:  0.07000        8       15      15      15      15      14      13       2       1       0       0       0       0   
.dg_01:  0.07500        8       15      15      15      15      14      13       2       1       0       0       0       0   
.dg_01:  0.08000        8       15      15      15      15      14      13       2       1       0       0       0       0   
.dg_01:  0.08500        9       15      15      15      14      13      12       3       2       1       0       0       0   
.dg_01:  0.09000       10       15      15      15      14      13      12       2       2       1       1       0       0   
.dg_01:  0.09500       11       15      15      15      14      13      10       2       2       2       1       1       0   
.dg_01:  0.10000       14       15      15      14      14      13       6       4       2       2       1       1       1   
.dg_01:  0.10500       16       15      15      14      14      13       4       3       3       2       1       1       1   
.dg_01:  0.11000       17       15      15      14      14      13       4       3       2       2       1       1       1   
.dg_01:  0.11500       19       15      15      14      13      12       3       3       2       2       2       1       1   
.dg_01:  0.12000       20       15      15      14      13      11       3       3       2       2       2       1       1   
.dg_01:  0.12500       25       15      15      13       7       7       4       3       3       2       2       2       2   
.dg_01:  0.13000       28       15      15      13       7       6       3       3       2       2       2       2       2   
.dg_01:  0.13500       31       15      15      13       6       3       3       3       2       2       2       2       2   
.dg_01:  0.14000       35       15      15      13       5       3       3       2       2       2       2       2       2   
.dg_01:  0.14500       37       15      13      11       5       4       3       3       2       2       2       2       2   
.dg_01:  0.15000       42       15      13       5       5       4       3       3       2       2       2       2       2   
