
SPC v2.1 (14/2/2000) -- efficient KNN and mstree
SPC v2.0.1 (1/12/2000) -- StopRunAtBreak option 
SPC v2.0 (1/11/1999) -- new param file + revised data structures 
-------------------------------------------------------------------
AverageInteraction	0.068579
ClustersReported	12
CharDist	0.089495
DataFile	3Conc.dat
Dimentions	2
DirectedGrowth	
Dimensions	2
KNearestNeighbours	11
MinTemp	0.00
MaxTemp	0.10
MSTree	
NumberOfPoints	4800
NumberOfEdges	21228
NearestNeighbrs	8.845000
OutFile	3cout
PottsSpins	20
RandomSeed	951312273
SusceptColors	4
SaveSuscept	
SWCycles	2000
SWFraction	0.800000
ThresholdTheta	0.500000
TempStep	0.005
WriteLables	
WriteLabels	
.dg_01:  0.00000        1     4800       0       0       0       0       0       0       0       0       0       0       0   
.dg_01:  0.00500        3     4797       2       1       0       0       0       0       0       0       0       0       0   
.dg_01:  0.01000        7     4790       2       2       2       2       1       1       0       0       0       0       0   
.dg_01:  0.01500       11     4781       3       2       2       2       2       2       2       2       1       1       0   
.dg_01:  0.02000       16     4772       3       2       2       2       2       2       2       2       2       2       2   
.dg_01:  0.02500       22     4760       4       3       2       2       2       2       2       2       2       2       2   
.dg_01:  0.03000       26     4755       3       3       3       2       2       2       2       2       2       2       2   
.dg_01:  0.03500       36     4736       3       3       3       3       2       2       2       2       2       2       2   
.dg_01:  0.04000       50     2353    2353       5       5       3       3       3       3       3       2       2       2   
.dg_01:  0.04500       64     2342    1558     779       7       4       4       4       4       3       3       3       3   
.dg_01:  0.05000       84     2322    1544     779       7       6       4       4       4       3       3       3       3   
.dg_01:  0.05500      100     2305    1530     776       7       7       6       4       4       4       4       3       3   
.dg_01:  0.06000      116     2278    1523     764       9       7       7       7       6       6       4       4       4   
.dg_01:  0.06500      143     2250    1508     729      13       9       9       7       7       7       7       6       6   
.dg_01:  0.07000      179     1489    1261     777     705     164      19      13       9       8       8       8       7   
.dg_01:  0.07500      239      768     696     659     530     462     268     254     220     207     164      35      19   
.dg_01:  0.08000      282      726     442     426     385     297     264     254     252     229     219     207     197   
.dg_01:  0.08500      350      323     296     264     262     252     237     227     225     219     206     191     174   
.dg_01:  0.09000      432      293     254     239     222     179     172     170     149     144     142     134     133   
.dg_01:  0.09500      560      231     159     149     131     130     129     127     120     118     116     114     112   
